Determining if the pthread_create exist failed with the following output:
Change Dir: /home/sayeed/programs/opengl/works/skeleton/build/CMakeFiles/CMakeTmp

Run Build Command:"/usr/bin/gmake" "cmTC_29203/fast"
/usr/bin/gmake -f CMakeFiles/cmTC_29203.dir/build.make CMakeFiles/cmTC_29203.dir/build
gmake[1]: Entering directory '/home/sayeed/programs/opengl/works/skeleton/build/CMakeFiles/CMakeTmp'
Building C object CMakeFiles/cmTC_29203.dir/CheckSymbolExists.c.o
/usr/bin/cc    -o CMakeFiles/cmTC_29203.dir/CheckSymbolExists.c.o   -c /home/sayeed/programs/opengl/works/skeleton/build/CMakeFiles/CMakeTmp/CheckSymbolExists.c
Linking C executable cmTC_29203
/usr/bin/cmake -E cmake_link_script CMakeFiles/cmTC_29203.dir/link.txt --verbose=1
/usr/bin/cc      -rdynamic CMakeFiles/cmTC_29203.dir/CheckSymbolExists.c.o  -o cmTC_29203 
CMakeFiles/cmTC_29203.dir/CheckSymbolExists.c.o: In function `main':
CheckSymbolExists.c:(.text+0x16): undefined reference to `pthread_create'
collect2: error: ld returned 1 exit status
gmake[1]: *** [CMakeFiles/cmTC_29203.dir/build.make:98: cmTC_29203] Error 1
gmake[1]: Leaving directory '/home/sayeed/programs/opengl/works/skeleton/build/CMakeFiles/CMakeTmp'
gmake: *** [Makefile:126: cmTC_29203/fast] Error 2

File /home/sayeed/programs/opengl/works/skeleton/build/CMakeFiles/CMakeTmp/CheckSymbolExists.c:
/* */
#include <pthread.h>

int main(int argc, char** argv)
{
  (void)argv;
#ifndef pthread_create
  return ((int*)(&pthread_create))[argc];
#else
  (void)argc;
  return 0;
#endif
}

Determining if the function pthread_create exists in the pthreads failed with the following output:
Change Dir: /home/sayeed/programs/opengl/works/skeleton/build/CMakeFiles/CMakeTmp

Run Build Command:"/usr/bin/gmake" "cmTC_7c3e8/fast"
/usr/bin/gmake -f CMakeFiles/cmTC_7c3e8.dir/build.make CMakeFiles/cmTC_7c3e8.dir/build
gmake[1]: Entering directory '/home/sayeed/programs/opengl/works/skeleton/build/CMakeFiles/CMakeTmp'
Building C object CMakeFiles/cmTC_7c3e8.dir/CheckFunctionExists.c.o
/usr/bin/cc   -DCHECK_FUNCTION_EXISTS=pthread_create   -o CMakeFiles/cmTC_7c3e8.dir/CheckFunctionExists.c.o   -c /usr/share/cmake/Modules/CheckFunctionExists.c
Linking C executable cmTC_7c3e8
/usr/bin/cmake -E cmake_link_script CMakeFiles/cmTC_7c3e8.dir/link.txt --verbose=1
/usr/bin/cc  -DCHECK_FUNCTION_EXISTS=pthread_create    -rdynamic CMakeFiles/cmTC_7c3e8.dir/CheckFunctionExists.c.o  -o cmTC_7c3e8 -lpthreads 
/usr/bin/ld: cannot find -lpthreads
collect2: error: ld returned 1 exit status
gmake[1]: *** [CMakeFiles/cmTC_7c3e8.dir/build.make:98: cmTC_7c3e8] Error 1
gmake[1]: Leaving directory '/home/sayeed/programs/opengl/works/skeleton/build/CMakeFiles/CMakeTmp'
gmake: *** [Makefile:126: cmTC_7c3e8/fast] Error 2


