Determining if the pthread_create exist failed with the following output:
Change Dir: /home/sayeed/programs/opengl/practice/cmake-build-debug/CMakeFiles/CMakeTmp

Run Build Command:"/usr/bin/gmake" "cmTC_c3700/fast"
/usr/bin/gmake -f CMakeFiles/cmTC_c3700.dir/build.make CMakeFiles/cmTC_c3700.dir/build
gmake[1]: Entering directory '/home/sayeed/programs/opengl/practice/cmake-build-debug/CMakeFiles/CMakeTmp'
Building C object CMakeFiles/cmTC_c3700.dir/CheckSymbolExists.c.o
/usr/bin/cc    -o CMakeFiles/cmTC_c3700.dir/CheckSymbolExists.c.o   -c /home/sayeed/programs/opengl/practice/cmake-build-debug/CMakeFiles/CMakeTmp/CheckSymbolExists.c
Linking C executable cmTC_c3700
/home/sayeed/clion-2017.3.1/bin/cmake/bin/cmake -E cmake_link_script CMakeFiles/cmTC_c3700.dir/link.txt --verbose=1
/usr/bin/cc      -rdynamic CMakeFiles/cmTC_c3700.dir/CheckSymbolExists.c.o  -o cmTC_c3700 
CMakeFiles/cmTC_c3700.dir/CheckSymbolExists.c.o: In function `main':
CheckSymbolExists.c:(.text+0x16): undefined reference to `pthread_create'
collect2: error: ld returned 1 exit status
gmake[1]: *** [CMakeFiles/cmTC_c3700.dir/build.make:98: cmTC_c3700] Error 1
gmake[1]: Leaving directory '/home/sayeed/programs/opengl/practice/cmake-build-debug/CMakeFiles/CMakeTmp'
gmake: *** [Makefile:126: cmTC_c3700/fast] Error 2

File /home/sayeed/programs/opengl/practice/cmake-build-debug/CMakeFiles/CMakeTmp/CheckSymbolExists.c:
/* */
#include <pthread.h>

int main(int argc, char** argv)
{
  (void)argv;
#ifndef pthread_create
  return ((int*)(&pthread_create))[argc];
#else
  (void)argc;
  return 0;
#endif
}

Determining if the function pthread_create exists in the pthreads failed with the following output:
Change Dir: /home/sayeed/programs/opengl/practice/cmake-build-debug/CMakeFiles/CMakeTmp

Run Build Command:"/usr/bin/gmake" "cmTC_75859/fast"
/usr/bin/gmake -f CMakeFiles/cmTC_75859.dir/build.make CMakeFiles/cmTC_75859.dir/build
gmake[1]: Entering directory '/home/sayeed/programs/opengl/practice/cmake-build-debug/CMakeFiles/CMakeTmp'
Building C object CMakeFiles/cmTC_75859.dir/CheckFunctionExists.c.o
/usr/bin/cc   -DCHECK_FUNCTION_EXISTS=pthread_create   -o CMakeFiles/cmTC_75859.dir/CheckFunctionExists.c.o   -c /home/sayeed/clion-2017.3.1/bin/cmake/share/cmake-3.9/Modules/CheckFunctionExists.c
Linking C executable cmTC_75859
/home/sayeed/clion-2017.3.1/bin/cmake/bin/cmake -E cmake_link_script CMakeFiles/cmTC_75859.dir/link.txt --verbose=1
/usr/bin/cc  -DCHECK_FUNCTION_EXISTS=pthread_create    -rdynamic CMakeFiles/cmTC_75859.dir/CheckFunctionExists.c.o  -o cmTC_75859 -lpthreads 
/usr/bin/ld: cannot find -lpthreads
collect2: error: ld returned 1 exit status
gmake[1]: *** [CMakeFiles/cmTC_75859.dir/build.make:98: cmTC_75859] Error 1
gmake[1]: Leaving directory '/home/sayeed/programs/opengl/practice/cmake-build-debug/CMakeFiles/CMakeTmp'
gmake: *** [Makefile:126: cmTC_75859/fast] Error 2


